<?xml version="1.0" encoding="UTF-8"?>
<!-- Generated by org.testng.reporters.JUnitXMLReporter -->
<testsuite hostname="MUUWDP016" ignored="3" name="Default test" tests="1" failures="0" timestamp="12 Aug 2019 09:29:37 GMT" time="34.793" errors="0">
  <testcase name="verifyContactsPageLabel" time="0.036" classname="com.crm.qa.testcases.ContactsPageTest"/>
  <testcase name="validateCreateNewContactMultipleTest" time="0.0" classname="com.crm.qa.testcases.ContactsPageTest">
    <ignored/>
  </testcase> <!-- validateCreateNewContactMultipleTest -->
  <testcase name="validateCreateNewContactTest" time="0.0" classname="com.crm.qa.testcases.ContactsPageTest">
    <ignored/>
  </testcase> <!-- validateCreateNewContactTest -->
  <testcase name="selectContactsTest" time="0.0" classname="com.crm.qa.testcases.ContactsPageTest">
    <ignored/>
  </testcase> <!-- selectContactsTest -->
</testsuite> <!-- Default test -->
