<?xml version="1.0" encoding="UTF-8"?>
<testng-results skipped="0" failed="0" ignored="3" total="4" passed="1">
  <reporter-output>
  </reporter-output>
  <suite name="Default suite" duration-ms="34793" started-at="2019-08-12T09:29:02Z" finished-at="2019-08-12T09:29:37Z">
    <groups>
    </groups>
    <test name="Default test" duration-ms="34793" started-at="2019-08-12T09:29:02Z" finished-at="2019-08-12T09:29:37Z">
      <class name="com.crm.qa.testcases.ContactsPageTest">
        <test-method status="PASS" signature="setup()[pri:0, instance:com.crm.qa.testcases.ContactsPageTest@39c0f4a]" name="setup" is-config="true" duration-ms="33719" started-at="2019-08-12T09:29:02Z" finished-at="2019-08-12T09:29:36Z">
          <reporter-output>
          </reporter-output>
        </test-method> <!-- setup -->
        <test-method status="PASS" signature="verifyContactsPageLabel()[pri:1, instance:com.crm.qa.testcases.ContactsPageTest@39c0f4a]" name="verifyContactsPageLabel" duration-ms="36" started-at="2019-08-12T09:29:36Z" finished-at="2019-08-12T09:29:36Z">
          <reporter-output>
          </reporter-output>
        </test-method> <!-- verifyContactsPageLabel -->
        <test-method status="PASS" signature="tearDown()[pri:0, instance:com.crm.qa.testcases.ContactsPageTest@39c0f4a]" name="tearDown" is-config="true" duration-ms="992" started-at="2019-08-12T09:29:36Z" finished-at="2019-08-12T09:29:37Z">
          <reporter-output>
          </reporter-output>
        </test-method> <!-- tearDown -->
      </class> <!-- com.crm.qa.testcases.ContactsPageTest -->
    </test> <!-- Default test -->
  </suite> <!-- Default suite -->
</testng-results>
