<?xml version="1.0" encoding="UTF-8"?>
<testng-results skipped="0" failed="1" ignored="0" total="10" passed="9">
  <reporter-output>
  </reporter-output>
  <suite name="Free CRM Application Test Suite" duration-ms="237319" started-at="2019-08-08T16:30:29Z" finished-at="2019-08-08T16:34:26Z">
    <groups>
    </groups>
    <test name="Free CRM Test Cases" duration-ms="237319" started-at="2019-08-08T16:30:29Z" finished-at="2019-08-08T16:34:26Z">
      <class name="com.crm.qa.testcases.HomePageTest">
        <test-method status="PASS" signature="setup()[pri:0, instance:com.crm.qa.testcases.HomePageTest@1794d431]" name="setup" is-config="true" duration-ms="19752" started-at="2019-08-08T16:32:14Z" finished-at="2019-08-08T16:32:34Z">
          <reporter-output>
          </reporter-output>
        </test-method> <!-- setup -->
        <test-method status="PASS" signature="verifyContactsLinkTest()[pri:3, instance:com.crm.qa.testcases.HomePageTest@1794d431]" name="verifyContactsLinkTest" duration-ms="1260" started-at="2019-08-08T16:32:34Z" finished-at="2019-08-08T16:32:35Z">
          <reporter-output>
          </reporter-output>
        </test-method> <!-- verifyContactsLinkTest -->
        <test-method status="PASS" signature="tearDown()[pri:0, instance:com.crm.qa.testcases.HomePageTest@1794d431]" name="tearDown" is-config="true" duration-ms="1094" started-at="2019-08-08T16:32:35Z" finished-at="2019-08-08T16:32:36Z">
          <reporter-output>
          </reporter-output>
        </test-method> <!-- tearDown -->
      </class> <!-- com.crm.qa.testcases.HomePageTest -->
      <class name="com.crm.qa.testcases.ContactsPageTest">
        <test-method status="PASS" signature="setup()[pri:0, instance:com.crm.qa.testcases.ContactsPageTest@42e26948]" name="setup" is-config="true" duration-ms="24373" started-at="2019-08-08T16:30:54Z" finished-at="2019-08-08T16:31:18Z">
          <reporter-output>
          </reporter-output>
        </test-method> <!-- setup -->
        <test-method status="PASS" signature="verifyContactsPageLabel()[pri:1, instance:com.crm.qa.testcases.ContactsPageTest@42e26948]" name="verifyContactsPageLabel" duration-ms="32" started-at="2019-08-08T16:31:18Z" finished-at="2019-08-08T16:31:18Z">
          <reporter-output>
          </reporter-output>
        </test-method> <!-- verifyContactsPageLabel -->
        <test-method status="PASS" signature="tearDown()[pri:0, instance:com.crm.qa.testcases.ContactsPageTest@42e26948]" name="tearDown" is-config="true" duration-ms="1047" started-at="2019-08-08T16:31:18Z" finished-at="2019-08-08T16:31:19Z">
          <reporter-output>
          </reporter-output>
        </test-method> <!-- tearDown -->
        <test-method status="PASS" signature="setup()[pri:0, instance:com.crm.qa.testcases.ContactsPageTest@42e26948]" name="setup" is-config="true" duration-ms="19830" started-at="2019-08-08T16:31:34Z" finished-at="2019-08-08T16:31:54Z">
          <reporter-output>
          </reporter-output>
        </test-method> <!-- setup -->
        <test-method status="PASS" signature="selectContactsTest()[pri:2, instance:com.crm.qa.testcases.ContactsPageTest@42e26948]" name="selectContactsTest" duration-ms="96" started-at="2019-08-08T16:31:54Z" finished-at="2019-08-08T16:31:54Z">
          <reporter-output>
          </reporter-output>
        </test-method> <!-- selectContactsTest -->
        <test-method status="PASS" signature="tearDown()[pri:0, instance:com.crm.qa.testcases.ContactsPageTest@42e26948]" name="tearDown" is-config="true" duration-ms="1050" started-at="2019-08-08T16:31:54Z" finished-at="2019-08-08T16:31:55Z">
          <reporter-output>
          </reporter-output>
        </test-method> <!-- tearDown -->
        <test-method status="PASS" signature="setup()[pri:0, instance:com.crm.qa.testcases.ContactsPageTest@42e26948]" name="setup" is-config="true" duration-ms="20169" started-at="2019-08-08T16:32:36Z" finished-at="2019-08-08T16:32:57Z">
          <reporter-output>
          </reporter-output>
        </test-method> <!-- setup -->
        <test-method status="PASS" signature="validateCreateNewContactTest()[pri:3, instance:com.crm.qa.testcases.ContactsPageTest@42e26948]" name="validateCreateNewContactTest" duration-ms="4108" started-at="2019-08-08T16:32:57Z" finished-at="2019-08-08T16:33:01Z">
          <reporter-output>
          </reporter-output>
        </test-method> <!-- validateCreateNewContactTest -->
        <test-method status="PASS" signature="tearDown()[pri:0, instance:com.crm.qa.testcases.ContactsPageTest@42e26948]" name="tearDown" is-config="true" duration-ms="1031" started-at="2019-08-08T16:33:01Z" finished-at="2019-08-08T16:33:02Z">
          <reporter-output>
          </reporter-output>
        </test-method> <!-- tearDown -->
        <test-method status="PASS" signature="setup()[pri:0, instance:com.crm.qa.testcases.ContactsPageTest@42e26948]" name="setup" is-config="true" duration-ms="20234" started-at="2019-08-08T16:33:03Z" finished-at="2019-08-08T16:33:23Z">
          <reporter-output>
          </reporter-output>
        </test-method> <!-- setup -->
        <test-method status="PASS" signature="validateCreateNewContactMultipleTest(java.lang.String, java.lang.String, java.lang.String, java.lang.String)[pri:4, instance:com.crm.qa.testcases.ContactsPageTest@42e26948]" name="validateCreateNewContactMultipleTest" duration-ms="4241" started-at="2019-08-08T16:33:23Z" data-provider="getCRMTestData" finished-at="2019-08-08T16:33:28Z">
          <params>
            <param index="0">
              <value>
                <![CDATA[Mr.]]>
              </value>
            </param>
            <param index="1">
              <value>
                <![CDATA[Tom]]>
              </value>
            </param>
            <param index="2">
              <value>
                <![CDATA[Peter]]>
              </value>
            </param>
            <param index="3">
              <value>
                <![CDATA[Google]]>
              </value>
            </param>
          </params>
          <reporter-output>
          </reporter-output>
        </test-method> <!-- validateCreateNewContactMultipleTest -->
        <test-method status="PASS" signature="tearDown()[pri:0, instance:com.crm.qa.testcases.ContactsPageTest@42e26948]" name="tearDown" is-config="true" duration-ms="1089" started-at="2019-08-08T16:33:28Z" finished-at="2019-08-08T16:33:29Z">
          <reporter-output>
          </reporter-output>
        </test-method> <!-- tearDown -->
        <test-method status="PASS" signature="setup()[pri:0, instance:com.crm.qa.testcases.ContactsPageTest@42e26948]" name="setup" is-config="true" duration-ms="18499" started-at="2019-08-08T16:33:29Z" finished-at="2019-08-08T16:33:47Z">
          <reporter-output>
          </reporter-output>
        </test-method> <!-- setup -->
        <test-method status="FAIL" signature="validateCreateNewContactMultipleTest(java.lang.String, java.lang.String, java.lang.String, java.lang.String)[pri:4, instance:com.crm.qa.testcases.ContactsPageTest@42e26948]" name="validateCreateNewContactMultipleTest" duration-ms="12016" started-at="2019-08-08T16:33:47Z" data-provider="getCRMTestData" finished-at="2019-08-08T16:33:59Z">
          <params>
            <param index="0">
              <value>
                <![CDATA[Drr.]]>
              </value>
            </param>
            <param index="1">
              <value>
                <![CDATA[David]]>
              </value>
            </param>
            <param index="2">
              <value>
                <![CDATA[Cris]]>
              </value>
            </param>
            <param index="3">
              <value>
                <![CDATA[Amazon]]>
              </value>
            </param>
          </params>
          <exception class="org.openqa.selenium.NoSuchElementException">
            <message>
              <![CDATA[Cannot locate element with text: Drr.
For documentation on this error, please visit: http://seleniumhq.org/exceptions/no_such_element.html
Build info: version: '3.14.0', revision: 'aacccce0', time: '2018-08-02T20:19:58.91Z'
System info: host: 'MUUWDP016', ip: '10.22.121.206', os.name: 'Windows 10', os.arch: 'amd64', os.version: '10.0', java.version: '1.8.0_201'
Driver info: driver.version: unknown]]>
            </message>
            <full-stacktrace>
              <![CDATA[org.openqa.selenium.NoSuchElementException: Cannot locate element with text: Drr.
For documentation on this error, please visit: http://seleniumhq.org/exceptions/no_such_element.html
Build info: version: '3.14.0', revision: 'aacccce0', time: '2018-08-02T20:19:58.91Z'
System info: host: 'MUUWDP016', ip: '10.22.121.206', os.name: 'Windows 10', os.arch: 'amd64', os.version: '10.0', java.version: '1.8.0_201'
Driver info: driver.version: unknown
at org.openqa.selenium.support.ui.Select.selectByVisibleText(Select.java:151)
at com.crm.qa.pages.ContactsPage.createNewContact(ContactsPage.java:45)
at com.crm.qa.testcases.ContactsPageTest.validateCreateNewContactMultipleTest(ContactsPageTest.java:66)
at sun.reflect.NativeMethodAccessorImpl.invoke0(Native Method)
at sun.reflect.NativeMethodAccessorImpl.invoke(Unknown Source)
at sun.reflect.DelegatingMethodAccessorImpl.invoke(Unknown Source)
at java.lang.reflect.Method.invoke(Unknown Source)
at org.testng.internal.MethodInvocationHelper.invokeMethod(MethodInvocationHelper.java:124)
at org.testng.internal.Invoker.invokeMethod(Invoker.java:580)
at org.testng.internal.Invoker.invokeTestMethod(Invoker.java:716)
at org.testng.internal.Invoker.invokeTestMethods(Invoker.java:988)
at org.testng.internal.TestMethodWorker.invokeTestMethods(TestMethodWorker.java:125)
at org.testng.internal.TestMethodWorker.run(TestMethodWorker.java:109)
at org.testng.TestRunner.privateRun(TestRunner.java:648)
at org.testng.TestRunner.run(TestRunner.java:505)
at org.testng.SuiteRunner.runTest(SuiteRunner.java:455)
at org.testng.SuiteRunner.runSequentially(SuiteRunner.java:450)
at org.testng.SuiteRunner.privateRun(SuiteRunner.java:415)
at org.testng.SuiteRunner.run(SuiteRunner.java:364)
at org.testng.SuiteRunnerWorker.runSuite(SuiteRunnerWorker.java:52)
at org.testng.SuiteRunnerWorker.run(SuiteRunnerWorker.java:84)
at org.testng.TestNG.runSuitesSequentially(TestNG.java:1208)
at org.testng.TestNG.runSuitesLocally(TestNG.java:1137)
at org.testng.TestNG.runSuites(TestNG.java:1049)
at org.testng.TestNG.run(TestNG.java:1017)
at org.testng.remote.AbstractRemoteTestNG.run(AbstractRemoteTestNG.java:114)
at org.testng.remote.RemoteTestNG.initAndRun(RemoteTestNG.java:251)
at org.testng.remote.RemoteTestNG.main(RemoteTestNG.java:77)
]]>
            </full-stacktrace>
          </exception> <!-- org.openqa.selenium.NoSuchElementException -->
          <reporter-output>
          </reporter-output>
        </test-method> <!-- validateCreateNewContactMultipleTest -->
        <test-method status="PASS" signature="tearDown()[pri:0, instance:com.crm.qa.testcases.ContactsPageTest@42e26948]" name="tearDown" is-config="true" duration-ms="1105" started-at="2019-08-08T16:33:59Z" finished-at="2019-08-08T16:34:00Z">
          <reporter-output>
          </reporter-output>
        </test-method> <!-- tearDown -->
        <test-method status="PASS" signature="setup()[pri:0, instance:com.crm.qa.testcases.ContactsPageTest@42e26948]" name="setup" is-config="true" duration-ms="20578" started-at="2019-08-08T16:34:00Z" finished-at="2019-08-08T16:34:21Z">
          <reporter-output>
          </reporter-output>
        </test-method> <!-- setup -->
        <test-method status="PASS" signature="validateCreateNewContactMultipleTest(java.lang.String, java.lang.String, java.lang.String, java.lang.String)[pri:4, instance:com.crm.qa.testcases.ContactsPageTest@42e26948]" name="validateCreateNewContactMultipleTest" duration-ms="4225" started-at="2019-08-08T16:34:21Z" data-provider="getCRMTestData" finished-at="2019-08-08T16:34:25Z">
          <params>
            <param index="0">
              <value>
                <![CDATA[Mrs.]]>
              </value>
            </param>
            <param index="1">
              <value>
                <![CDATA[Mukta]]>
              </value>
            </param>
            <param index="2">
              <value>
                <![CDATA[Sharma]]>
              </value>
            </param>
            <param index="3">
              <value>
                <![CDATA[Ebay]]>
              </value>
            </param>
          </params>
          <reporter-output>
          </reporter-output>
        </test-method> <!-- validateCreateNewContactMultipleTest -->
        <test-method status="PASS" signature="tearDown()[pri:0, instance:com.crm.qa.testcases.ContactsPageTest@42e26948]" name="tearDown" is-config="true" duration-ms="1117" started-at="2019-08-08T16:34:25Z" finished-at="2019-08-08T16:34:26Z">
          <reporter-output>
          </reporter-output>
        </test-method> <!-- tearDown -->
      </class> <!-- com.crm.qa.testcases.ContactsPageTest -->
      <class name="com.crm.qa.testcases.LoginPageTest">
        <test-method status="PASS" signature="setup()[pri:0, instance:com.crm.qa.testcases.LoginPageTest@39c0f4a]" name="setup" is-config="true" duration-ms="23526" started-at="2019-08-08T16:30:29Z" finished-at="2019-08-08T16:30:52Z">
          <reporter-output>
          </reporter-output>
        </test-method> <!-- setup -->
        <test-method status="PASS" signature="loginPageTitleTest()[pri:1, instance:com.crm.qa.testcases.LoginPageTest@39c0f4a]" name="loginPageTitleTest" duration-ms="29" started-at="2019-08-08T16:30:52Z" finished-at="2019-08-08T16:30:53Z">
          <reporter-output>
          </reporter-output>
        </test-method> <!-- loginPageTitleTest -->
        <test-method status="PASS" signature="tearDown()[pri:0, instance:com.crm.qa.testcases.LoginPageTest@39c0f4a]" name="tearDown" is-config="true" duration-ms="1063" started-at="2019-08-08T16:30:53Z" finished-at="2019-08-08T16:30:54Z">
          <reporter-output>
          </reporter-output>
        </test-method> <!-- tearDown -->
        <test-method status="PASS" signature="setup()[pri:0, instance:com.crm.qa.testcases.LoginPageTest@39c0f4a]" name="setup" is-config="true" duration-ms="13677" started-at="2019-08-08T16:31:19Z" finished-at="2019-08-08T16:31:33Z">
          <reporter-output>
          </reporter-output>
        </test-method> <!-- setup -->
        <test-method status="PASS" signature="crmLogoImageTest()[pri:2, instance:com.crm.qa.testcases.LoginPageTest@39c0f4a]" name="crmLogoImageTest" duration-ms="37" started-at="2019-08-08T16:31:33Z" finished-at="2019-08-08T16:31:33Z">
          <reporter-output>
          </reporter-output>
        </test-method> <!-- crmLogoImageTest -->
        <test-method status="PASS" signature="tearDown()[pri:0, instance:com.crm.qa.testcases.LoginPageTest@39c0f4a]" name="tearDown" is-config="true" duration-ms="1126" started-at="2019-08-08T16:31:33Z" finished-at="2019-08-08T16:31:34Z">
          <reporter-output>
          </reporter-output>
        </test-method> <!-- tearDown -->
        <test-method status="PASS" signature="setup()[pri:0, instance:com.crm.qa.testcases.LoginPageTest@39c0f4a]" name="setup" is-config="true" duration-ms="13858" started-at="2019-08-08T16:31:55Z" finished-at="2019-08-08T16:32:09Z">
          <reporter-output>
          </reporter-output>
        </test-method> <!-- setup -->
        <test-method status="PASS" signature="loginTest()[pri:3, instance:com.crm.qa.testcases.LoginPageTest@39c0f4a]" name="loginTest" duration-ms="4583" started-at="2019-08-08T16:32:09Z" finished-at="2019-08-08T16:32:13Z">
          <reporter-output>
          </reporter-output>
        </test-method> <!-- loginTest -->
        <test-method status="PASS" signature="tearDown()[pri:0, instance:com.crm.qa.testcases.LoginPageTest@39c0f4a]" name="tearDown" is-config="true" duration-ms="1057" started-at="2019-08-08T16:32:13Z" finished-at="2019-08-08T16:32:14Z">
          <reporter-output>
          </reporter-output>
        </test-method> <!-- tearDown -->
      </class> <!-- com.crm.qa.testcases.LoginPageTest -->
    </test> <!-- Free CRM Test Cases -->
  </suite> <!-- Free CRM Application Test Suite -->
</testng-results>
